<?xml version="1.0" encoding="UTF-8"?>
<testng-results skipped="0" failed="0" ignored="0" total="1" passed="1">
  <reporter-output>
  </reporter-output>
  <suite name="Default suite" duration-ms="6882" started-at="2020-11-16T00:24:55Z" finished-at="2020-11-16T00:25:01Z">
    <groups>
    </groups>
    <test name="Default test" duration-ms="6882" started-at="2020-11-16T00:24:55Z" finished-at="2020-11-16T00:25:01Z">
      <class name="test.LogInPageTest">
        <test-method status="PASS" signature="setUp()[pri:0, instance:test.LogInPageTest@1a968a59]" name="setUp" is-config="true" duration-ms="5141" started-at="2020-11-16T00:24:55Z" finished-at="2020-11-16T00:25:00Z">
          <reporter-output>
          </reporter-output>
        </test-method> <!-- setUp -->
        <test-method status="PASS" signature="SignInTest()[pri:2, instance:test.LogInPageTest@1a968a59]" name="SignInTest" duration-ms="1433" started-at="2020-11-16T00:25:00Z" finished-at="2020-11-16T00:25:01Z">
          <reporter-output>
          </reporter-output>
        </test-method> <!-- SignInTest -->
        <test-method status="PASS" signature="tearDown()[pri:0, instance:test.LogInPageTest@1a968a59]" name="tearDown" is-config="true" duration-ms="279" started-at="2020-11-16T00:25:01Z" finished-at="2020-11-16T00:25:01Z">
          <reporter-output>
          </reporter-output>
        </test-method> <!-- tearDown -->
      </class> <!-- test.LogInPageTest -->
    </test> <!-- Default test -->
  </suite> <!-- Default suite -->
</testng-results>
